<?xml version="1.0" encoding="UTF-8"?>
<!-- Generated by org.testng.reporters.JUnitXMLReporter -->
<testsuite ignored="1" hostname="Almazs-MBP.fios-router.home" failures="0" tests="14" name="Car Loan" time="0.063" errors="0" timestamp="2020-08-05T12:37:00 EDT">
  <testcase classname="packages.Project.day3TestNg" name="MobileLoginCarLoan" time="0.0"/>
  <testcase classname="packages.Project.day1TestNg" name="Demo" time="0.003"/>
  <testcase classname="packages.Project.day2TestNg" name="ploan" time="0.0"/>
  <testcase classname="packages.Project.day3TestNg" name="WebloginCarLoan" time="0.001"/>
  <testcase classname="packages.Project.day4TestNg" name="LoginAPIHomeLoan" time="0.0"/>
  <testcase classname="packages.Project.day4TestNg" name="MobileLoginHomeLoan" time="0.001"/>
  <testcase classname="packages.Project.day3TestNg" name="urlProvider" time="0.001"/>
  <testcase classname="packages.Project.day4TestNg" name="WebloginHome" time="0.0"/>
  <testcase classname="packages.Project.day3TestNg" name="MobileLoginHome" time="0.0"/>
  <testcase classname="packages.Project.day3TestNg" name="MobileSignOutCarLoan" time="0.0"/>
  <testcase classname="packages.Project.day3TestNg" name="MobileSignOutCarLoan" time="0.0"/>
  <testcase classname="packages.Project.day3TestNg" name="MobileSignOutCarLoan" time="0.0"/>
  <testcase classname="packages.Project.day3TestNg" name="timeExplicit" time="0.004"/>
  <testcase classname="packages.Project.day3TestNg" name="LoginAPIcarLoan" time="0.0"/>
  <testcase classname="packages.Project.day3TestNg" name="falseMethod" time="0.0">
    <ignored/>
  </testcase> <!-- falseMethod -->
</testsuite> <!-- Car Loan -->
