<?xml version="1.0" encoding="UTF-8"?>
<!-- Generated by org.testng.reporters.JUnitXMLReporter -->
<testsuite ignored="8" hostname="Almazs-MBP.fios-router.home" failures="0" tests="2" name="Regression" time="0.044" errors="0" timestamp="2020-08-02T18:48:36 EDT">
  <testcase classname="packages.Project.day2TestNg" name="ploan" time="0.007"/>
  <testcase classname="packages.Project.day4TestNg" name="MobileLoginHomeLoan" time="0.001"/>
  <testcase classname="packages.Project.day4TestNg" name="WebloginHome" time="0.0">
    <ignored/>
  </testcase> <!-- WebloginHome -->
  <testcase classname="packages.Project.day4TestNg" name="LoginAPIHomeLoan" time="0.0">
    <ignored/>
  </testcase> <!-- LoginAPIHomeLoan -->
  <testcase classname="packages.Project.day3TestNg" name="LoginAPIcarLoan" time="0.0">
    <ignored/>
  </testcase> <!-- LoginAPIcarLoan -->
  <testcase classname="packages.Project.day3TestNg" name="WebloginCarLoan" time="0.0">
    <ignored/>
  </testcase> <!-- WebloginCarLoan -->
  <testcase classname="packages.Project.day3TestNg" name="MobileLoginCarLoan" time="0.0">
    <ignored/>
  </testcase> <!-- MobileLoginCarLoan -->
  <testcase classname="packages.Project.day3TestNg" name="MobileLoginHome" time="0.0">
    <ignored/>
  </testcase> <!-- MobileLoginHome -->
  <testcase classname="packages.Project.day1TestNg" name="SecondTest" time="0.0">
    <ignored/>
  </testcase> <!-- SecondTest -->
  <testcase classname="packages.Project.day1TestNg" name="Demo" time="0.0">
    <ignored/>
  </testcase> <!-- Demo -->
</testsuite> <!-- Regression -->
