<?xml version="1.0" encoding="UTF-8"?>
<testsuite xmlns:xsi="http://www.w3.org/2001/XMLSchema-instance" xsi:noNamespaceSchemaLocation="https://maven.apache.org/surefire/maven-surefire-plugin/xsd/surefire-test-report-3.0.xsd" version="3.0" name="packages.Project.day1TestNg" time="0.372" tests="2" errors="0" skipped="0" failures="0">
  <properties>
[...]
</properties>
  <testcase name="Demo" classname="packages.Project.day1TestNg" time="0.007">
    <system-out><![CDATA[hello - Day1
]]></system-out>
  </testcase>
  <testcase name="SecondTest" classname="packages.Project.day1TestNg" time="0">
    <system-out><![CDATA[bye - Day1
]]></system-out>
  </testcase>
</testsuite>