<?xml version="1.0" encoding="UTF-8"?>
<testsuite xmlns:xsi="http://www.w3.org/2001/XMLSchema-instance" xsi:noNamespaceSchemaLocation="https://maven.apache.org/surefire/maven-surefire-plugin/xsd/surefire-test-report-3.0.xsd" version="3.0" name="TestSuite" time="0.666" tests="15" errors="0" skipped="0" failures="2">
  <properties>
[...]
</properties>
  <testcase name="LoginAPIHomeLoan" classname="packages.Project.day4TestNg" time="0.002">
    <system-out><![CDATA[I am number One - Day3
I will execute first
APIloginHome - Day4
]]></system-out>
  </testcase>
  <testcase name="MobileLoginHomeLoan" classname="packages.Project.day4TestNg" time="0">
    <system-out><![CDATA[MobileloginHome - Day4]]></system-out>
  </testcase>
  <testcase name="WebloginHome" classname="packages.Project.day4TestNg" time="0.013">
    <failure message="&#10;Parameter &apos;URL&apos; is required by @Test on method WebloginHome but has not been marked @Optional or defined&#10;in /Users/almaz/eclips-2020/Project/testng4.xml" type="org.testng.TestNGException"><![CDATA[org.testng.TestNGException: 

Parameter 'URL' is required by @Test on method WebloginHome but has not been marked @Optional or defined
in /Users/almaz/eclips-2020/Project/testng4.xml
]]></failure>
    <system-err><![CDATA[[Utils] [ERROR] [Error] org.testng.TestNGException: 
Parameter &apos;URL&apos; is required by @Test on method WebloginHome but has not been marked @Optional or defined
in /Users/almaz/eclips-2020/Project/testng4.xml
	at org.testng.internal.Parameters.createParams(Parameters.java:272)
	at org.testng.internal.Parameters.createParametersForMethod(Parameters.java:360)
	at org.testng.internal.Parameters.createParameters(Parameters.java:704)
	at org.testng.internal.Parameters.handleParameters(Parameters.java:879)
	at org.testng.internal.Parameters.handleParameters(Parameters.java:744)
	at org.testng.internal.ParameterHandler.handleParameters(ParameterHandler.java:59)
	at org.testng.internal.ParameterHandler.createParameters(ParameterHandler.java:38)
	at org.testng.internal.TestInvoker$MethodInvocationAgent.invoke(TestInvoker.java:783)
	at org.testng.internal.TestInvoker.invokeTestMethods(TestInvoker.java:146)
	at org.testng.internal.TestMethodWorker.invokeTestMethods(TestMethodWorker.java:146)
	at org.testng.internal.TestMethodWorker.run(TestMethodWorker.java:128)
	at java.base/java.util.ArrayList.forEach(ArrayList.java:1507)
	at org.testng.TestRunner.privateRun(TestRunner.java:766)
	at org.testng.TestRunner.run(TestRunner.java:587)
	at org.testng.SuiteRunner.runTest(SuiteRunner.java:384)
	at org.testng.SuiteRunner.runSequentially(SuiteRunner.java:378)
	at org.testng.SuiteRunner.privateRun(SuiteRunner.java:337)
	at org.testng.SuiteRunner.run(SuiteRunner.java:286)
	at org.testng.SuiteRunnerWorker.runSuite(SuiteRunnerWorker.java:53)
	at org.testng.SuiteRunnerWorker.run(SuiteRunnerWorker.java:96)
	at org.testng.TestNG.runSuitesSequentially(TestNG.java:1187)
	at org.testng.TestNG.runSuitesLocally(TestNG.java:1109)
	at org.testng.TestNG.runSuites(TestNG.java:1039)
	at org.testng.TestNG.run(TestNG.java:1007)
	at org.apache.maven.surefire.testng.TestNGExecutor.run(TestNGExecutor.java:284)
	at org.apache.maven.surefire.testng.TestNGXmlTestSuite.execute(TestNGXmlTestSuite.java:75)
	at org.apache.maven.surefire.testng.TestNGProvider.invoke(TestNGProvider.java:119)
	at org.apache.maven.surefire.booter.ForkedBooter.runSuitesInProcess(ForkedBooter.java:428)
	at org.apache.maven.surefire.booter.ForkedBooter.execute(ForkedBooter.java:162)
	at org.apache.maven.surefire.booter.ForkedBooter.run(ForkedBooter.java:562)
	at org.apache.maven.surefire.booter.ForkedBooter.main(ForkedBooter.java:548)

]]></system-err>
  </testcase>
  <testcase name="ploan" classname="packages.Project.day2TestNg" time="0.001">
    <system-out><![CDATA[good - Day2
]]></system-out>
  </testcase>
  <testcase name="MobileLoginCarLoan" classname="packages.Project.day3TestNg" time="0.001">
    <system-out><![CDATA[before executing any methods in the class - Day3
I will execute before every test method in day 3 Class - Day3
Mobilelogincar - Day3
]]></system-out>
  </testcase>
  <testcase name="WebloginCarLoan" classname="packages.Project.day3TestNg" time="0.001">
    <system-out><![CDATA[I will execute after every test method in day 3 Class - Day3
I will execute before every test method in day 3 Class - Day3
Weblogincar - Day3

]]></system-out>
  </testcase>
  <testcase name="urlProvider" classname="packages.Project.day3TestNg" time="0.011">
    <failure message="&#10;Parameter &apos;URL&apos; is required by @Test on method urlProvider but has not been marked @Optional or defined&#10;in /Users/almaz/eclips-2020/Project/testng4.xml" type="org.testng.TestNGException"><![CDATA[org.testng.TestNGException: 

Parameter 'URL' is required by @Test on method urlProvider but has not been marked @Optional or defined
in /Users/almaz/eclips-2020/Project/testng4.xml
]]></failure>
    <system-out><![CDATA[I will execute after every test method in day 3 Class - Day3
]]></system-out>
    <system-err><![CDATA[[Utils] [ERROR] [Error] org.testng.TestNGException: 
Parameter &apos;URL&apos; is required by @Test on method urlProvider but has not been marked @Optional or defined
in /Users/almaz/eclips-2020/Project/testng4.xml
	at org.testng.internal.Parameters.createParams(Parameters.java:272)
	at org.testng.internal.Parameters.createParametersForMethod(Parameters.java:360)
	at org.testng.internal.Parameters.createParameters(Parameters.java:704)
	at org.testng.internal.Parameters.handleParameters(Parameters.java:879)
	at org.testng.internal.Parameters.handleParameters(Parameters.java:744)
	at org.testng.internal.ParameterHandler.handleParameters(ParameterHandler.java:59)
	at org.testng.internal.ParameterHandler.createParameters(ParameterHandler.java:38)
	at org.testng.internal.TestInvoker$MethodInvocationAgent.invoke(TestInvoker.java:783)
	at org.testng.internal.TestInvoker.invokeTestMethods(TestInvoker.java:146)
	at org.testng.internal.TestMethodWorker.invokeTestMethods(TestMethodWorker.java:146)
	at org.testng.internal.TestMethodWorker.run(TestMethodWorker.java:128)
	at java.base/java.util.ArrayList.forEach(ArrayList.java:1507)
	at org.testng.TestRunner.privateRun(TestRunner.java:766)
	at org.testng.TestRunner.run(TestRunner.java:587)
	at org.testng.SuiteRunner.runTest(SuiteRunner.java:384)
	at org.testng.SuiteRunner.runSequentially(SuiteRunner.java:378)
	at org.testng.SuiteRunner.privateRun(SuiteRunner.java:337)
	at org.testng.SuiteRunner.run(SuiteRunner.java:286)
	at org.testng.SuiteRunnerWorker.runSuite(SuiteRunnerWorker.java:53)
	at org.testng.SuiteRunnerWorker.run(SuiteRunnerWorker.java:96)
	at org.testng.TestNG.runSuitesSequentially(TestNG.java:1187)
	at org.testng.TestNG.runSuitesLocally(TestNG.java:1109)
	at org.testng.TestNG.runSuites(TestNG.java:1039)
	at org.testng.TestNG.run(TestNG.java:1007)
	at org.apache.maven.surefire.testng.TestNGExecutor.run(TestNGExecutor.java:284)
	at org.apache.maven.surefire.testng.TestNGXmlTestSuite.execute(TestNGXmlTestSuite.java:75)
	at org.apache.maven.surefire.testng.TestNGProvider.invoke(TestNGProvider.java:119)
	at org.apache.maven.surefire.booter.ForkedBooter.runSuitesInProcess(ForkedBooter.java:428)
	at org.apache.maven.surefire.booter.ForkedBooter.execute(ForkedBooter.java:162)
	at org.apache.maven.surefire.booter.ForkedBooter.run(ForkedBooter.java:562)
	at org.apache.maven.surefire.booter.ForkedBooter.main(ForkedBooter.java:548)

]]></system-err>
  </testcase>
  <testcase name="MobileLoginHome" classname="packages.Project.day3TestNg" time="0">
    <system-out><![CDATA[I will execute before every test method in day 3 Class - Day3
MobileLoginHome - Day3
]]></system-out>
  </testcase>
  <testcase name="MobileSignOutCarLoan[FirstSetUserName, password](1)" classname="packages.Project.day3TestNg" time="0.002">
    <system-out><![CDATA[I will execute after every test method in day 3 Class - Day3
I will execute before every test method in day 3 Class - Day3
Mobile SIGNOUT - Day3
FirstSetUserName
password
]]></system-out>
  </testcase>
  <testcase name="MobileSignOutCarLoan[SecondSetUserName, secondPassword](2)" classname="packages.Project.day3TestNg" time="0.004">
    <system-out><![CDATA[I will execute after every test method in day 3 Class - Day3
I will execute before every test method in day 3 Class - Day3
Mobile SIGNOUT - Day3
SecondSetUserName
secondPassword
]]></system-out>
  </testcase>
  <testcase name="MobileSignOutCarLoan[thirdPassword, null](3)" classname="packages.Project.day3TestNg" time="0.001">
    <system-out><![CDATA[I will execute after every test method in day 3 Class - Day3
I will execute before every test method in day 3 Class - Day3
Mobile SIGNOUT - Day3
thirdPassword
null
]]></system-out>
  </testcase>
  <testcase name="timeExplicit" classname="packages.Project.day3TestNg" time="0.007">
    <system-out><![CDATA[I will execute after every test method in day 3 Class - Day3
I will execute before every test method in day 3 Class - Day3
Rest Assured max 5 sec connecting to Server, 'timeOut=40' - Day3]]></system-out>
  </testcase>
  <testcase name="LoginAPIcarLoan" classname="packages.Project.day3TestNg" time="0">
    <system-out><![CDATA[I will execute after every test method in day 3 Class - Day3
I will execute before every test method in day 3 Class - Day3
APIlogincar - Day3
]]></system-out>
  </testcase>
  <testcase name="Demo" classname="packages.Project.day1TestNg" time="0.001">
    <system-out><![CDATA[I will execute after every test method in day 3 Class - Day3
hello - Day1
]]></system-out>
  </testcase>
  <testcase name="SecondTest" classname="packages.Project.day1TestNg" time="0">
    <system-out><![CDATA[bye - Day1
]]></system-out>
  </testcase>
</testsuite>