<?xml version="1.0" encoding="UTF-8"?>
<!-- Generated by org.testng.reporters.JUnitXMLReporter -->
<testsuite ignored="12" hostname="Almazs-MBP.fios-router.home" failures="0" tests="2" name="Regression" time="0.039" errors="0" timestamp="2020-08-05T12:58:58 EDT">
  <testcase classname="packages.Project.day2TestNg" name="ploan" time="0.004"/>
  <testcase classname="packages.Project.day4TestNg" name="MobileLoginHomeLoan" time="0.0"/>
  <testcase classname="packages.Project.day3TestNg" name="falseMethod" time="0.0">
    <ignored/>
  </testcase> <!-- falseMethod -->
  <testcase classname="packages.Project.day4TestNg" name="WebloginHome" time="0.0">
    <ignored/>
  </testcase> <!-- WebloginHome -->
  <testcase classname="packages.Project.day4TestNg" name="LoginAPIHomeLoan" time="0.0">
    <ignored/>
  </testcase> <!-- LoginAPIHomeLoan -->
  <testcase classname="packages.Project.day3TestNg" name="LoginAPIcarLoan" time="0.0">
    <ignored/>
  </testcase> <!-- LoginAPIcarLoan -->
  <testcase classname="packages.Project.day3TestNg" name="MobileSignOutCarLoan" time="0.0">
    <ignored/>
  </testcase> <!-- MobileSignOutCarLoan -->
  <testcase classname="packages.Project.day3TestNg" name="WebloginCarLoan" time="0.0">
    <ignored/>
  </testcase> <!-- WebloginCarLoan -->
  <testcase classname="packages.Project.day3TestNg" name="MobileLoginCarLoan" time="0.0">
    <ignored/>
  </testcase> <!-- MobileLoginCarLoan -->
  <testcase classname="packages.Project.day3TestNg" name="urlProvider" time="0.0">
    <ignored/>
  </testcase> <!-- urlProvider -->
  <testcase classname="packages.Project.day3TestNg" name="MobileLoginHome" time="0.0">
    <ignored/>
  </testcase> <!-- MobileLoginHome -->
  <testcase classname="packages.Project.day1TestNg" name="SecondTest" time="0.0">
    <ignored/>
  </testcase> <!-- SecondTest -->
  <testcase classname="packages.Project.day1TestNg" name="Demo" time="0.0">
    <ignored/>
  </testcase> <!-- Demo -->
  <testcase classname="packages.Project.day3TestNg" name="timeExplicit" time="0.0">
    <ignored/>
  </testcase> <!-- timeExplicit -->
</testsuite> <!-- Regression -->
