<?xml version="1.0" encoding="UTF-8"?>
<testng-results ignored="0" total="1" passed="1" failed="0" skipped="0">
  <reporter-output>
  </reporter-output>
  <suite started-at="2020-09-07T12:10:05 EDT" name="Default suite" finished-at="2020-09-07T12:10:07 EDT" duration-ms="2085">
    <groups>
    </groups>
    <test started-at="2020-09-07T12:10:05 EDT" name="Default test" finished-at="2020-09-07T12:10:07 EDT" duration-ms="2085">
      <class name="RestassuredAutomation.TC3_POST_Register">
        <test-method signature="test_2_put()[pri:0, instance:RestassuredAutomation.TC3_POST_Register@2accdbb5]" started-at="2020-09-07T12:10:05 EDT" name="test_2_put" finished-at="2020-09-07T12:10:07 EDT" duration-ms="2057" status="PASS">
          <reporter-output>
          </reporter-output>
        </test-method> <!-- test_2_put -->
      </class> <!-- RestassuredAutomation.TC3_POST_Register -->
    </test> <!-- Default test -->
  </suite> <!-- Default suite -->
</testng-results>
