<?xml version="1.0" encoding="UTF-8"?>
<!-- Generated by org.testng.reporters.JUnitXMLReporter -->
<testsuite ignored="1" hostname="Almazs-MBP.fios-router.home" failures="0" tests="5" name="Personal Loan" time="0.057" errors="0" timestamp="2020-08-05T12:57:16 EDT">
  <testcase classname="packages.Project.day1TestNg" name="Demo" time="0.007"/>
  <testcase classname="packages.Project.day2TestNg" name="ploan" time="0.002"/>
  <testcase classname="packages.Project.day4TestNg" name="LoginAPIHomeLoan" time="0.002"/>
  <testcase classname="packages.Project.day4TestNg" name="MobileLoginHomeLoan" time="0.002"/>
  <testcase classname="packages.Project.day4TestNg" name="WebloginHome" time="0.002"/>
  <testcase classname="packages.Project.day1TestNg" name="SecondTest" time="0.0">
    <ignored/>
  </testcase> <!-- SecondTest -->
</testsuite> <!-- Personal Loan -->
